Build started 12/5/2014 8:47:49 AM.
     1>Project "E:\user\VINH\document\khac\My Libary\EightPuzzle\EightPuzzle\EightPuzzle.vcxproj" on node 2 (build target(s)).
     1>InitializeBuildStatus:
         Creating "Debug\EightPuzzle.unsuccessfulbuild" because "AlwaysCreate" was specified.
       ClCompile:
         D:\user\truong\Program Files\Microsoft Visual C++ 2010 Express\VC\bin\CL.exe /c /ZI /nologo /W3 /WX- /Od /Oy- /D _MBCS /Gm /EHsc /RTC1 /MDd /GS /fp:precise /Zc:wchar_t /Zc:forScope /Fo"Debug\\" /Fd"Debug\vc100.pdb" /Gd /TP /analyze- /errorReport:prompt EightPuzzle.cpp Tester.cpp
         Tester.cpp
     1>e:\user\vinh\document\khac\my libary\eightpuzzle\eightpuzzle\tester.cpp(9): warning C4996: 'fopen': This function or variable may be unsafe. Consider using fopen_s instead. To disable deprecation, use _CRT_SECURE_NO_WARNINGS. See online help for details.
                 d:\user\truong\program files\microsoft visual c++ 2010 express\vc\include\stdio.h(234) : see declaration of 'fopen'
     1>e:\user\vinh\document\khac\my libary\eightpuzzle\eightpuzzle\tester.cpp(11): warning C4996: 'fscanf': This function or variable may be unsafe. Consider using fscanf_s instead. To disable deprecation, use _CRT_SECURE_NO_WARNINGS. See online help for details.
                 d:\user\truong\program files\microsoft visual c++ 2010 express\vc\include\stdio.h(253) : see declaration of 'fscanf'
     1>e:\user\vinh\document\khac\my libary\eightpuzzle\eightpuzzle\tester.cpp(30): warning C4996: 'getch': The POSIX name for this item is deprecated. Instead, use the ISO C++ conformant name: _getch. See online help for details.
                 d:\user\truong\program files\microsoft visual c++ 2010 express\vc\include\conio.h(128) : see declaration of 'getch'
         Generating Code...
         Compiling...
         EightPuzzle.cpp
         Generating Code...
       Link:
         D:\user\truong\Program Files\Microsoft Visual C++ 2010 Express\VC\bin\link.exe /ERRORREPORT:PROMPT /OUT:"E:\user\VINH\document\khac\My Libary\EightPuzzle\Debug\EightPuzzle.exe" /NOLOGO kernel32.lib user32.lib gdi32.lib winspool.lib comdlg32.lib advapi32.lib shell32.lib ole32.lib oleaut32.lib uuid.lib odbc32.lib odbccp32.lib /MANIFEST /ManifestFile:"Debug\EightPuzzle.exe.intermediate.manifest" /MANIFESTUAC:"level='asInvoker' uiAccess='false'" /DEBUG /PDB:"E:\user\VINH\document\khac\My Libary\EightPuzzle\Debug\EightPuzzle.pdb" /TLBID:1 /DYNAMICBASE /NXCOMPAT /IMPLIB:"E:\user\VINH\document\khac\My Libary\EightPuzzle\Debug\EightPuzzle.lib" /MACHINE:X86 Debug\EightPuzzle.obj
         Debug\Tester.obj
         LINK : E:\user\VINH\document\khac\My Libary\EightPuzzle\Debug\EightPuzzle.exe not found or not built by the last incremental link; performing full link
         EightPuzzle.vcxproj -> E:\user\VINH\document\khac\My Libary\EightPuzzle\Debug\EightPuzzle.exe
       Manifest:
         C:\Program Files\Microsoft SDKs\Windows\v7.0A\bin\mt.exe /nologo /verbose /outputresource:"E:\user\VINH\document\khac\My Libary\EightPuzzle\Debug\EightPuzzle.exe;#1" /manifest Debug\EightPuzzle.exe.intermediate.manifest
       FinalizeBuildStatus:
         Deleting file "Debug\EightPuzzle.unsuccessfulbuild".
         Touching "Debug\EightPuzzle.lastbuildstate".
     1>Done Building Project "E:\user\VINH\document\khac\My Libary\EightPuzzle\EightPuzzle\EightPuzzle.vcxproj" (build target(s)).

Build succeeded.

Time Elapsed 00:00:02.73
