Build started 2/22/2016 8:55:33 PM.
     1>Project "E:\user\VINH\document\khac\My Libary\EightPuzzle\EightPuzzle\EightPuzzle.vcxproj" on node 2 (build target(s)).
     1>InitializeBuildStatus:
         Creating "Release\EightPuzzle.unsuccessfulbuild" because "AlwaysCreate" was specified.
       ClCompile:
         D:\user\truong\Program Files\Microsoft Visual C++ 2010 Express\VC\bin\CL.exe /c /Zi /nologo /W3 /WX- /O2 /Oi /Oy- /GL /D _MBCS /Gm- /EHsc /MD /GS /Gy /fp:precise /Zc:wchar_t /Zc:forScope /Fo"Release\\" /Fd"Release\vc100.pdb" /Gd /TP /analyze- /errorReport:prompt EightPuzzle.cpp Tester.cpp
         EightPuzzle.cpp
         Tester.cpp
     1>Tester.cpp(9): warning C4996: 'fopen': This function or variable may be unsafe. Consider using fopen_s instead. To disable deprecation, use _CRT_SECURE_NO_WARNINGS. See online help for details.
                 D:\user\truong\Program Files\Microsoft Visual C++ 2010 Express\VC\include\stdio.h(234) : see declaration of 'fopen'
     1>Tester.cpp(30): warning C4996: 'getch': The POSIX name for this item is deprecated. Instead, use the ISO C++ conformant name: _getch. See online help for details.
                 D:\user\truong\Program Files\Microsoft Visual C++ 2010 Express\VC\include\conio.h(128) : see declaration of 'getch'
       Link:
         D:\user\truong\Program Files\Microsoft Visual C++ 2010 Express\VC\bin\link.exe /ERRORREPORT:PROMPT /OUT:"E:\user\VINH\document\khac\My Libary\EightPuzzle\Release\EightPuzzle.exe" /NOLOGO kernel32.lib user32.lib gdi32.lib winspool.lib comdlg32.lib advapi32.lib shell32.lib ole32.lib oleaut32.lib uuid.lib odbc32.lib odbccp32.lib /MANIFEST /ManifestFile:"Release\EightPuzzle.exe.intermediate.manifest" /MANIFESTUAC:"level='asInvoker' uiAccess='false'" /DEBUG /PDB:"E:\user\VINH\document\khac\My Libary\EightPuzzle\Release\EightPuzzle.pdb" /OPT:REF /OPT:ICF /LTCG /TLBID:1 /DYNAMICBASE /NXCOMPAT /IMPLIB:"E:\user\VINH\document\khac\My Libary\EightPuzzle\Release\EightPuzzle.lib" /MACHINE:X86 Release\EightPuzzle.obj
         Release\Tester.obj
         Generating code
         Finished generating code
         EightPuzzle.vcxproj -> E:\user\VINH\document\khac\My Libary\EightPuzzle\Release\EightPuzzle.exe
       Manifest:
         C:\Program Files\Microsoft SDKs\Windows\v7.0A\bin\mt.exe /nologo /verbose /outputresource:"E:\user\VINH\document\khac\My Libary\EightPuzzle\Release\EightPuzzle.exe;#1" /manifest Release\EightPuzzle.exe.intermediate.manifest
       FinalizeBuildStatus:
         Deleting file "Release\EightPuzzle.unsuccessfulbuild".
         Touching "Release\EightPuzzle.lastbuildstate".
     1>Done Building Project "E:\user\VINH\document\khac\My Libary\EightPuzzle\EightPuzzle\EightPuzzle.vcxproj" (build target(s)).

Build succeeded.

Time Elapsed 00:00:07.85
